2025-11-23 23:08:30 - root - ERROR - Error creating MySQL connection pool: 1045 (28000): Access denied for user 'root'@'localhost' (using password: YES)
2025-11-23 23:08:30 - root - ERROR - Failed to initialize MySQL connection pool: 1045 (28000): Access denied for user 'root'@'localhost' (using password: YES)
2025-11-23 23:09:46 - root - INFO - MySQL connection pool created: barcode_scanner@localhost
2025-11-23 23:11:15 - root - INFO - MySQL connection pool created: barcode_scanner@localhost
2025-11-23 23:11:15 - root - INFO - Database 'barcode_scanner' ready
2025-11-23 23:11:15 - root - ERROR - Database error: 1101 (42000): BLOB, TEXT, GEOMETRY or JSON column 'details' can't have a default value
2025-11-23 23:11:15 - root - ERROR - Error creating tables: 1101 (42000): BLOB, TEXT, GEOMETRY or JSON column 'details' can't have a default value
2025-11-23 23:11:15 - root - ERROR - Failed to initialize database: 1101 (42000): BLOB, TEXT, GEOMETRY or JSON column 'details' can't have a default value
2025-11-23 23:11:15 - root - WARNING - Application will continue but database operations may fail
2025-11-23 23:11:15 - root - INFO - Starting Barcode Scanner API v1.0.0
2025-11-23 23:11:15 - root - INFO - Database: None
2025-11-23 23:13:27 - root - ERROR - Could not open camera
2025-11-23 23:13:36 - root - ERROR - Error during barcode scanning: Unknown C++ exception from OpenCV code
2025-11-23 23:15:08 - root - INFO - Shutting down application
2025-11-23 23:16:23 - root - INFO - Dropping existing tables...
2025-11-23 23:16:23 - root - INFO - Tables dropped successfully
2025-11-23 23:16:23 - root - INFO - Recreating tables...
2025-11-23 23:16:23 - root - INFO - MySQL connection pool created: barcode_scanner@localhost
2025-11-23 23:16:23 - root - INFO - Database tables initialized successfully
2025-11-23 23:16:23 - root - INFO - ✅ Tables recreated successfully!
2025-11-23 23:16:56 - root - INFO - MySQL connection pool created: barcode_scanner@localhost
2025-11-23 23:16:56 - root - INFO - Database 'barcode_scanner' ready
2025-11-23 23:16:56 - root - ERROR - Database error: 1050: Table 'products' already exists
2025-11-23 23:16:56 - root - ERROR - Error creating tables: 1050: Table 'products' already exists
2025-11-23 23:16:56 - root - ERROR - Failed to initialize database: 1050: Table 'products' already exists
2025-11-23 23:16:56 - root - WARNING - Application will continue but database operations may fail
2025-11-23 23:16:56 - root - INFO - Starting Barcode Scanner API v1.0.0
2025-11-23 23:16:56 - root - INFO - Database: None
2025-11-23 23:17:20 - root - ERROR - Error during barcode scanning: Unknown C++ exception from OpenCV code
2025-11-23 23:19:28 - root - ERROR - Error during barcode scanning: Unknown C++ exception from OpenCV code
2025-11-23 23:19:33 - root - ERROR - Error during barcode scanning: Unknown C++ exception from OpenCV code
2025-11-23 23:19:36 - root - ERROR - Error during barcode scanning: Unknown C++ exception from OpenCV code
2025-11-23 23:19:38 - root - ERROR - Error during barcode scanning: Unknown C++ exception from OpenCV code
2025-11-23 23:19:44 - root - ERROR - Error during barcode scanning: Unknown C++ exception from OpenCV code
2025-11-23 23:27:51 - root - INFO - Barcode scanned: 4005401140009
2025-11-23 23:27:51 - root - INFO - Product not found, adding to inventory: 4005401140009
2025-11-23 23:27:51 - root - INFO - Product added to inventory: 4005401140009
2025-11-23 23:33:02 - root - INFO - User added: cb747d27-7a88-4171-bc66-e13584d3b9f5
2025-11-23 23:33:40 - root - INFO - Barcode scanned: 4005401140009
2025-11-23 23:36:01 - root - INFO - Product added to cart: 4005401140009
2025-11-23 23:36:46 - root - INFO - Shutting down application
2025-11-23 23:36:54 - root - INFO - MySQL connection pool created: barcode_scanner@localhost
2025-11-23 23:36:54 - root - INFO - Database 'barcode_scanner' ready
2025-11-23 23:36:54 - root - ERROR - Database error: 1050: Table 'products' already exists
2025-11-23 23:36:54 - root - ERROR - Error creating tables: 1050: Table 'products' already exists
2025-11-23 23:36:54 - root - ERROR - Failed to initialize database: 1050: Table 'products' already exists
2025-11-23 23:36:54 - root - WARNING - Application will continue but database operations may fail
2025-11-23 23:36:54 - root - INFO - Starting Barcode Scanner API v1.0.0
2025-11-23 23:36:54 - root - INFO - Database: None
2025-11-23 23:58:13 - root - INFO - Shutting down application
2025-11-24 00:03:32 - root - INFO - MySQL connection pool created: barcode_scanner@localhost
2025-11-24 00:03:33 - root - INFO - Database 'barcode_scanner' ready
2025-11-24 00:03:33 - root - ERROR - Database error: 1050: Table 'products' already exists
2025-11-24 00:03:33 - root - ERROR - Error creating tables: 1050: Table 'products' already exists
2025-11-24 00:03:33 - root - ERROR - Failed to initialize database: 1050: Table 'products' already exists
2025-11-24 00:03:33 - root - WARNING - Application will continue but database operations may fail
2025-11-24 00:03:33 - root - INFO - Starting Barcode Scanner API v1.0.0
2025-11-24 00:03:33 - root - INFO - Database: None
2025-11-24 00:04:14 - root - ERROR - Error during barcode scanning: Unknown C++ exception from OpenCV code
2025-11-24 00:04:16 - root - INFO - Barcode scanned: 4005401140009
2025-11-24 00:04:48 - root - ERROR - Error during barcode scanning: Unknown C++ exception from OpenCV code
2025-11-24 00:04:50 - root - INFO - Barcode scanned: 6111264153709
2025-11-24 00:04:50 - root - INFO - Product not found, adding to inventory: 6111264153709
2025-11-24 00:04:50 - root - INFO - Product added to inventory: 6111264153709
2025-11-24 00:04:51 - root - INFO - Barcode scanned: 6111264153709
2025-11-24 00:04:54 - root - INFO - Barcode scanned: 6111264153709
2025-11-24 00:04:59 - root - INFO - Barcode scanned: 6111264153709
2025-11-24 00:05:09 - root - INFO - Barcode scanned: 6111264153709
2025-11-24 00:05:18 - root - INFO - Barcode scanned: 6194013942175
2025-11-24 00:05:18 - root - INFO - Product not found, adding to inventory: 6194013942175
2025-11-24 00:05:18 - root - INFO - Product added to inventory: 6194013942175
2025-11-24 00:05:30 - root - INFO - Barcode scanned: 4005401140009
2025-11-24 00:06:05 - root - ERROR - Error during barcode scanning: Unknown C++ exception from OpenCV code
2025-11-24 00:06:07 - root - INFO - Barcode scanned: 4005401140009
2025-11-24 00:06:46 - root - INFO - Barcode scanned: 4005401140009
2025-11-24 00:06:50 - root - INFO - Barcode scanned: 4005401140009
2025-11-24 00:07:01 - root - INFO - Barcode scanned: 4005401140009
2025-11-24 00:08:46 - root - INFO - Barcode scanned: 4005401140009
2025-11-24 00:08:52 - root - INFO - Product added to cart: 4005401140009
2025-11-24 00:09:38 - root - INFO - Bill generated: /Users/kirihata/Desktop/Barcode_scanner/Bills/bill_ticket_20251124_000938.txt
2025-11-24 00:10:10 - root - INFO - Cart cleared: 1 items removed
